codes/25.c: In function 'main':
codes/25.c:8:5: error: expected '=', ',', ';', 'asm' or '__attribute__' before 'scanf'
codes/25.c:8:17: error: 't' undeclared (first use in this function)
codes/25.c:8:17: note: each undeclared identifier is reported only once for each function it appears in
codes/25.c:10:5: error: expected '=', ',', ';', 'asm' or '__attribute__' before 'while'
codes/25.c:12:21: error: 'n' undeclared (first use in this function)
